VstoneMagic Build&Execute Message Log
BuildStart time:2017/10/27 16:23:38
ビルドの更新がありません。


jarファイルの作成


jarファイルの更新はありません


送信ファイルの上書き確認

スタートアップアプリケーションの停止
echo "STOP_STARTUP" > /home/vstone/vstonemagic/menu.fifoロボットのSFTPへ接続します。
192.168.179.2@root
.


ファイルの転送
ロボットにファイルを転送します。
Connect to 192.168.179.2@root...接続しました。
ファイルの転送を開始します。
No send:'C:\Users\d.fujimoto\Desktop\Sota\SotaWorkSpace\TCPSenSample02\bin\TCPSenSample02.jar'


アプリケーション登録用のアーカイブファイルを作成
.
ビルドが完了しました。


jarファイルの実行
ロボットのSSHへ接続します。
192.168.179.2@root
java -Dfile.encoding=UTF8 -Djava.library.path=/usr/local/share/OpenCV/java/  -Xdebug -Xrunjdwp:transport=dt_socket,server=y,address=8765 -jar TCPSenSample02.jar 2>&1 &ファイルの転送が完了しました。java -Dfile.encoding=UTF8 -Djava.library.path=/usr/local/share/OpenCV/java/  -Xdebug -Xrunjdwp:transport=dt_socket,server=y,address=8765 -jar TCPSenSample02.jar 2>&1 &
[1;32mroot@edison:~$[m java -Dfile.encoding=UTF8 -Djava.library.path=/usr/local/share/OpenCV/java/  -Xdebug -Xrunjdwp:transport=dt_socket,server=y,address=8765 -jar TCPSenSample02.jar 2>&1 &
[1] 4030
[1;32mroot@edison:~$[m デバッグの準備ができました。

jdbの実行
デバッガを起動します。
C:\Program Files (x86)\VstoneMagic\jdk\bin\jdb.exe -connect com.sun.jdi.SocketAttach:hostname=192.168.179.2,port=8765
Listening for transport dt_socket at address: 8765
捕捉されないjava.lang.Throwableの設定遅延した捕捉されないjava.lang.Throwableの設定jdbの初期化中...デバッグ実行のスタンバイができました。
> VMが開始されました: 現在のコール・スタックにフレームがありません[Info][SpeechRecog]SpeechRecog
[Info][CRobotSock]Connected server
[Info][CRobotMotion]MasterCtrlPeriod 16666
000
001
003
intSpchSeq:1
004
005
000
003
intSpchSeq:1
004
005
000
003
intSpchSeq:1
004
005
000
003
intSpchSeq:1
004
005
000
003
intSpchSeq:1
004
005
000
003
intSpchSeq:1
004
005
000
003
intSpchSeq:1
004
005
000
003
intSpchSeq:1
004
005
000
003
intSpchSeq:1
004
005
000
003
intSpchSeq:1
004
005
000
003
intSpchSeq:1
004
005
000
003
intSpchSeq:1
004
005
000
003
intSpchSeq:1
004
005
000
003
intSpchSeq:1
004
005
000
003
intSpchSeq:1
004
005
000
003
intSpchSeq:1
004
005
000
003
intSpchSeq:1
004
005
000
003
intSpchSeq:1
004
005
000
003
intSpchSeq:1
004
005
000
003
intSpchSeq:1
004
005
000
003
intSpchSeq:1
004
005
000
003
intSpchSeq:1
004
005
000
003
intSpchSeq:1
004
005
000
003
intSpchSeq:1
004
005
000
003
intSpchSeq:1
004
005
000
003
intSpchSeq:1
004
005
000
003
intSpchSeq:1
004
005
000
003
intSpchSeq:1
004
005
000
003
intSpchSeq:1
004
005
000
003
intSpchSeq:1
004
005
000
003
intSpchSeq:1
004
005
000
003
intSpchSeq:1
004
005
000
003
intSpchSeq:1
004
005
000
003
intSpchSeq:1
004
005
000
003
intSpchSeq:1
004
005
000
003
intSpchSeq:1
004
005
000
003
intSpchSeq:1
004
005
000
003
intSpchSeq:1
004
005
000
003
intSpchSeq:1
004
005
000
003
intSpchSeq:1
004
005
000
003
intSpchSeq:1
004
005
000
003
intSpchSeq:1
004
005
000
003
intSpchSeq:1
004
005
000
003
intSpchSeq:1
004
005
000
003
intSpchSeq:1
004
005
000
003
intSpchSeq:1
004
005
000
003
intSpchSeq:1
004
005
000
003
intSpchSeq:1
004
005
000
003
intSpchSeq:1
004
005
000
003
intSpchSeq:1
004
005
000
003
intSpchSeq:1
004
005
000
003
intSpchSeq:1
004
005
000
003
intSpchSeq:1
004
005
000
003
intSpchSeq:1
004
005
000
003
intSpchSeq:1
004
005
000
003
intSpchSeq:1
004
005
000
003
intSpchSeq:1
004
005
000
003
intSpchSeq:1
004
005
000
003
intSpchSeq:1
004
005
000
003
intSpchSeq:1
004
005
000
003
intSpchSeq:1
004
005
000
003
intSpchSeq:1
004
005
000
003
intSpchSeq:1
004
005
000
003
intSpchSeq:1
004
005
000
003
intSpchSeq:1
004
005
000
003
intSpchSeq:1
004
005
000
003
intSpchSeq:1
004
005
000
003
intSpchSeq:1
004
005
000
003
intSpchSeq:1
004
005
000
003
intSpchSeq:1
004
005
000
003
intSpchSeq:1
004
005
000
003
intSpchSeq:1
004
005
000
003
intSpchSeq:1
004
005
000
003
intSpchSeq:1
004
005
000
003
intSpchSeq:1
004
005
000
003
intSpchSeq:1
004
005
000
003
intSpchSeq:1
004
005
000
003
intSpchSeq:1
004
005
000
003
intSpchSeq:1
004
005
000
003
intSpchSeq:1
004
005
000
003
intSpchSeq:1
004
005
000
003
intSpchSeq:1
004
005
000
003
intSpchSeq:1
004
005
000
003
intSpchSeq:1
004
005
000
003
intSpchSeq:1
004
005
000
003
intSpchSeq:1
004
005
000
003
intSpchSeq:1
004
005
000
003
intSpchSeq:1
004
005
000
003
intSpchSeq:1
004
005
000
003
intSpchSeq:1
004
005
000
003
intSpchSeq:1
004
005
000
003
intSpchSeq:1
004
005
000
003
intSpchSeq:1
004
005
000
003
intSpchSeq:1
004
005
000
003
intSpchSeq:1
004
005
000
003
intSpchSeq:1
004
005
000
003
intSpchSeq:1
004
005
000
003
intSpchSeq:1
004
005
000
003
intSpchSeq:1
004
005
000
003
intSpchSeq:1
004
005
000
003
intSpchSeq:1
004
005
000
003
intSpchSeq:1
004
005
000
003
intSpchSeq:1
004
005
000
003
intSpchSeq:1
004
005
000
003
intSpchSeq:1
004
005
000
003
intSpchSeq:1
004
005
000
003
intSpchSeq:1
004
005
000
003
intSpchSeq:1
004
005
000
003
intSpchSeq:1
004
005
000
003
intSpchSeq:1
004
005
000
003
intSpchSeq:1
004
005
000
003
intSpchSeq:1
004
005
000
003
intSpchSeq:1
004
005
000
003
intSpchSeq:1
004
005
000
003
intSpchSeq:1
004
005
000
003
intSpchSeq:1
004
005
000
003
intSpchSeq:1
004
005
000
003
intSpchSeq:1
004
005
000
003
intSpchSeq:1
004
005
000
003
intSpchSeq:1
004
005
000
003
intSpchSeq:1
004
005
000
003
intSpchSeq:1
004
005
000
003
intSpchSeq:1
004
005
000
003
intSpchSeq:1
004
005
000
003
intSpchSeq:1
004
005
000
003
intSpchSeq:1
004
005
000
003
intSpchSeq:1
004
005
000
003
intSpchSeq:1
004
005
000
003
intSpchSeq:1
004
005
000
003
intSpchSeq:1
004
005
000
003
intSpchSeq:1
004
005
000
003
intSpchSeq:1
004
005
000
003
intSpchSeq:1
004
005
000
003
intSpchSeq:1
004
005
000
003
intSpchSeq:1
004
005
000
003
intSpchSeq:1
004
005
000
003
intSpchSeq:1
004
005
000
003
intSpchSeq:1
004
005
000
003
intSpchSeq:1
004
005
000
003
intSpchSeq:1
004
005
000
003
intSpchSeq:1
004
005
000
003
intSpchSeq:1
004
005
000
003
intSpchSeq:1
004
005
000
003
intSpchSeq:1
004
005
000
003
intSpchSeq:1
004
005
000
003
intSpchSeq:1
004
005
000
003
intSpchSeq:1
004
005
000
003
intSpchSeq:1
004
005
000
003
intSpchSeq:1
004
005
000
003
intSpchSeq:1
004
005
000
003
intSpchSeq:1
004
005
000
003
intSpchSeq:1
004
005
000
003
intSpchSeq:1
004
005
000
003
intSpchSeq:1
004
005
000
003
intSpchSeq:1
004
005
000
003
intSpchSeq:1
004
005
000
003
intSpchSeq:1
004
005
000
003
intSpchSeq:1
004
005
000
003
intSpchSeq:1
004
005
000
003
intSpchSeq:1
004
005
000
003
intSpchSeq:1
004
005
000
003
intSpchSeq:1
004
005
000
003
intSpchSeq:1
004
005
000
003
intSpchSeq:1
004
005
000
003
intSpchSeq:1
004
005
000
003
intSpchSeq:1
004
005
000
003
intSpchSeq:1
004
005
000
003
intSpchSeq:1
004
005
000
003
intSpchSeq:1
004
005
000
003
intSpchSeq:1
004
005
000
003
intSpchSeq:1
004
005
000
003
intSpchSeq:1
004
005
000
003
intSpchSeq:1
004
005
000
003
intSpchSeq:1
004
005
000
003
intSpchSeq:1
004
005
000
003
intSpchSeq:1
004
005
000
003
intSpchSeq:1
004
005
000
003
intSpchSeq:1
004
005
000
003
intSpchSeq:1
004
005
000
003
intSpchSeq:1
004
005
000
003
intSpchSeq:1
004
005
000
003
intSpchSeq:1
004
005
000
003
intSpchSeq:1
004
005
000
003
intSpchSeq:1
004
005
000
003
intSpchSeq:1
004
005
000
003
intSpchSeq:1
004
005
000
003
intSpchSeq:1
004
005
000
003
intSpchSeq:1
004
005
000
003
intSpchSeq:1
004
005
000
003
intSpchSeq:1
004
005
000
003
intSpchSeq:1
004
005
000
003
intSpchSeq:1
004
005
000
003
intSpchSeq:1
004
005
000
003
intSpchSeq:1
004
005
000
003
intSpchSeq:1
004
005
000
003
intSpchSeq:1
004
005
000
003
intSpchSeq:1
004
005
000
003
intSpchSeq:1
004
005
000
003
intSpchSeq:1
004
005
000
003
intSpchSeq:1
004
005
000
003
intSpchSeq:1
004
005
000
003
intSpchSeq:1
004
005
000
003
intSpchSeq:1
004
005
000
003
intSpchSeq:1
004
005
000
003
intSpchSeq:1
004
005
000
003
intSpchSeq:1
004
005
000
003
intSpchSeq:1
004
005
000
003
intSpchSeq:1
004
005
000
003
intSpchSeq:1
004
005
000
003
intSpchSeq:1
004
005
000
003
intSpchSeq:1
004
005
000
003
intSpchSeq:1
004
005
000
003
intSpchSeq:1
004
005
000
003
intSpchSeq:1
004
005
000
003
intSpchSeq:1
004
005
000
003
intSpchSeq:1
004
005
000
003
intSpchSeq:1
004
005
000
003
intSpchSeq:1
004
005
000
003
intSpchSeq:1
004
005
000
003
intSpchSeq:1
004
005
000
003
intSpchSeq:1
004
005
000
003
intSpchSeq:1
004
005
000
003
intSpchSeq:1
004
005
000
003
intSpchSeq:1
004
005
000
003
intSpchSeq:1
004
005
000
003
intSpchSeq:1
004
005
000
003
intSpchSeq:1
004
005
000
003
intSpchSeq:1
004
005
000
003
intSpchSeq:1
004
005
000
003
intSpchSeq:1
004
005
000
003
intSpchSeq:1
004
005
000
003
intSpchSeq:1
004
005
000
003
intSpchSeq:1
004
005
000
003
intSpchSeq:1
004
005
000
003
intSpchSeq:1
004
005
000
003
intSpchSeq:1
004
005
000
003
intSpchSeq:1
004
005
000
003
intSpchSeq:1
004
005
000
003
intSpchSeq:1
004
005
000
003
intSpchSeq:1
004
005
000
003
intSpchSeq:1
004
005
000
003
intSpchSeq:1
004
005
000
003
intSpchSeq:1
004
005
000
003
intSpchSeq:1
004
005
000
003
intSpchSeq:1
004
005
000
003
intSpchSeq:1
004
005
000
003
intSpchSeq:1
004
005
000
003
intSpchSeq:1
004
005
000
003
intSpchSeq:1
004
005
000
003
intSpchSeq:1
004
005
000
003
intSpchSeq:1
004
005
000
003
intSpchSeq:1
004
005
000
003
intSpchSeq:1
004
005
000
003
intSpchSeq:1
004
005
000
003
intSpchSeq:1
004
005
000
003
intSpchSeq:1
004
005
000
003
intSpchSeq:1
004
005
000
003
intSpchSeq:1
004
005
000
003
intSpchSeq:1
004
005
000
003
intSpchSeq:1
004
005
000
003
intSpchSeq:1
004
005
000
003
intSpchSeq:1
004
005
000
003
intSpchSeq:1
004
005
000
003
intSpchSeq:1
004
005
000
003
intSpchSeq:1
004
005
000
003
intSpchSeq:1
004
005
000
003
intSpchSeq:1
004
005
000
003
intSpchSeq:1
004
005
000
003
intSpchSeq:1
004
005
000
003
intSpchSeq:1
004
005
000
003
intSpchSeq:1
004
005
000
003
intSpchSeq:1
004
005
000
003
intSpchSeq:1
004
005
000
003
intSpchSeq:1
004
005
000
003
intSpchSeq:1
004
005
000
003
intSpchSeq:1
004
005
000
003
intSpchSeq:1
004
005
000
003
intSpchSeq:1
004
005
000
003
intSpchSeq:1
004
005
000
003
intSpchSeq:1
004
005
000
003
intSpchSeq:1
004
005
000
003
intSpchSeq:1
004
005
000
003
intSpchSeq:1
004
005
000
003
intSpchSeq:1
004
005
000
003
intSpchSeq:1
004
005
000
003
intSpchSeq:1
004
005
000
003
intSpchSeq:1
004
005
000
003
intSpchSeq:1
004
005
000
003
intSpchSeq:1
004
005
000
003
intSpchSeq:1
004
005
000
003
intSpchSeq:1
004
005
000
003
intSpchSeq:1
004
005
000
003
intSpchSeq:1
004
005
000
003
intSpchSeq:1
004
005
000
003
intSpchSeq:1
004
005
000
003
intSpchSeq:1
004
005
000
003
intSpchSeq:1
004
005
000
003
intSpchSeq:1
004
005
000
003
intSpchSeq:1
004
005
000
003
intSpchSeq:1
004
005
000
003
intSpchSeq:1
004
005
000
003
intSpchSeq:1
004
005
000
003
intSpchSeq:1
004
005
000
003
intSpchSeq:1
004
005
000
003
intSpchSeq:1
004
005
000
003
intSpchSeq:1
004
005
000
003
intSpchSeq:1
004
005
000
003
intSpchSeq:1
004
005
000
003
intSpchSeq:1
004
005
000
003
intSpchSeq:1
004
005
000
003
intSpchSeq:1
004
005
000
003
intSpchSeq:1
004
005
000
003
intSpchSeq:1
004
005
000
003
intSpchSeq:1
004
005
000
003
intSpchSeq:1
004
005
000
003
intSpchSeq:1
004
005
000
003
intSpchSeq:1
004
005
000
003
intSpchSeq:1
004
005
000
003
intSpchSeq:1
004
005
000
003
intSpchSeq:1
004
005
000
003
intSpchSeq:1
004
005
000
003
intSpchSeq:1
004
005
000
003
intSpchSeq:1
004
005
000
003
intSpchSeq:1
004
005
000
003
intSpchSeq:1
004
005
000
003
intSpchSeq:1
004
005
000
003
intSpchSeq:1
004
005
000
003
intSpchSeq:1
004
005
000
003
intSpchSeq:1
004
005
000
003
intSpchSeq:1
004
005
000
003
intSpchSeq:1
004
005
000
003
intSpchSeq:1
004
005
000
003
intSpchSeq:1
004
005
000
003
intSpchSeq:1
004
005
000
003
intSpchSeq:1
004
005
000
003
intSpchSeq:1
004
005
000
003
intSpchSeq:1
004
005
000
003
intSpchSeq:1
004
005
000
003
intSpchSeq:1
004
005
000
003
intSpchSeq:1
004
005
000
003
intSpchSeq:1
004
005
000
003
intSpchSeq:1
004
005
000
003
intSpchSeq:1
004
005
000
003
intSpchSeq:1
004
005
000
003
intSpchSeq:1
004
005
000
003
intSpchSeq:1
004
005
000
003
intSpchSeq:1
004
005
000
003
intSpchSeq:1
004
005
000
003
intSpchSeq:1
004
005
000
003
intSpchSeq:1
004
005
000
003
intSpchSeq:1
004
005
000
003
intSpchSeq:1
004
005
000
003
intSpchSeq:1
004
005
000
003
intSpchSeq:1
004
005
000
003
intSpchSeq:1
004
005
000
003
intSpchSeq:1
004
005
000
003
intSpchSeq:1
004
005
000
003
intSpchSeq:1
004
005
000
003
intSpchSeq:1
004
005
000
003
intSpchSeq:1
004
005
000
003
intSpchSeq:1
004
005
000
003
intSpchSeq:1
004
005
000
003
intSpchSeq:1
004
005
000
003
intSpchSeq:1
004
005
000
003
intSpchSeq:1
004
005
000
003
intSpchSeq:1
004
005
000
003
intSpchSeq:1
004
005
000
003
intSpchSeq:1
004
005
000
003
intSpchSeq:1
004
005
000
003
intSpchSeq:1
004
005
000
003
intSpchSeq:1
004
005
000
003
intSpchSeq:1
004
005
000
003
intSpchSeq:1
004
005
000
003
intSpchSeq:1
004
005
000
003
intSpchSeq:1
004
005
000
003
intSpchSeq:1
004
005
000
003
intSpchSeq:1
004
005
000
003
intSpchSeq:1
004
005
000
003
intSpchSeq:1
004
005
000
003
intSpchSeq:1
004
005
000
003
intSpchSeq:1
004
005
000
003
intSpchSeq:1
004
005
000
003
intSpchSeq:1
004
005
000
003
intSpchSeq:1
004
005
000
003
intSpchSeq:1
004
005
000
003
intSpchSeq:1
004
005
000
003
intSpchSeq:1
004
005
000
003
intSpchSeq:1
004
005
000
003
intSpchSeq:1
004
005
000
003
intSpchSeq:1
004
005
000
003
intSpchSeq:1
004
005
000
003
intSpchSeq:1
004
005
000
003
intSpchSeq:1
004
005
000
003
intSpchSeq:1
004
005
000
003
intSpchSeq:1
004
005
000
003
intSpchSeq:1
004
005
000
003
intSpchSeq:1
004
005
000
003
intSpchSeq:1
004
005
000
003
intSpchSeq:1
004
005
000
003
intSpchSeq:1
004
005
000
003
intSpchSeq:1
004
005
000
003
intSpchSeq:1
004
005
000
003
intSpchSeq:1
004
005
000
003
intSpchSeq:1
004
005
000
003
intSpchSeq:1
004
005
000
003
intSpchSeq:1
004
005
000
003
intSpchSeq:1
004
005
000
003
intSpchSeq:1
004
005
000
003
intSpchSeq:1
004
005
000
003
intSpchSeq:1
004
005
000
003
intSpchSeq:1
004
005
000
003
intSpchSeq:1
004
005
000
003
intSpchSeq:1
004
005
000
003
intSpchSeq:1
004
005
000
003
intSpchSeq:1
004
005
000
003
intSpchSeq:1
004
005
000
003
intSpchSeq:1
004
005
000
003
intSpchSeq:1
004
005
000
003
intSpchSeq:1
004
005
000
003
intSpchSeq:1
004
005
000
003
intSpchSeq:1
004
005
000
003
intSpchSeq:1
004
005
000
003
intSpchSeq:1
004
005
000
003
intSpchSeq:1
004
005
000
003
intSpchSeq:1
004
005
000
003
intSpchSeq:1
004
005
000
003
intSpchSeq:1
004
005
000
003
intSpchSeq:1
004
005
000
003
intSpchSeq:1
004
005
000
003
intSpchSeq:1
004
005
000
003
intSpchSeq:1
004
005
000
003
intSpchSeq:1
004
005
000
003
intSpchSeq:1
004
005
000
003
intSpchSeq:1
004
005
000
003
intSpchSeq:1
004
005
000
003
intSpchSeq:1
004
005
000
003
intSpchSeq:1
004
005
000
003
intSpchSeq:1
004
005
000
003
intSpchSeq:1
004
005
000
003
intSpchSeq:1
004
005
000
003
intSpchSeq:1
004
005
000
003
intSpchSeq:1
004
005
000
003
intSpchSeq:1
004
005
000
003
intSpchSeq:1
004
005
000
003
intSpchSeq:1
004
005
000
003
intSpchSeq:1
004
005
000
003
intSpchSeq:1
004
005
000
003
intSpchSeq:1
004
005
000
003
intSpchSeq:1
004
005
000
003
intSpchSeq:1
004
005
000
003
intSpchSeq:1
004
005
000
003
intSpchSeq:1
004
005
000
003
intSpchSeq:1
004
005
000
003
intSpchSeq:1
004
005
000
003
intSpchSeq:1
004
005
000
003
intSpchSeq:1
004
005
000
003
intSpchSeq:1
004
005
000
003
intSpchSeq:1
004
005
000
003
intSpchSeq:1
004
005
000
003
intSpchSeq:1
004
005
000
003
intSpchSeq:1
004
005
000
003
intSpchSeq:1
004
005
000
003
intSpchSeq:1
004
005
000
003
intSpchSeq:1
004
005
000
003
intSpchSeq:1
004
005
000
003
intSpchSeq:1
004
005
000
003
intSpchSeq:1
004
005
000
003
intSpchSeq:1
004
005
000
003
intSpchSeq:1
004
005
000
003
intSpchSeq:1
004
005
000
003
intSpchSeq:1
004
005
000
003
intSpchSeq:1
004
005
000
003
intSpchSeq:1
004
005
000
003
intSpchSeq:1
004
005
000
003
intSpchSeq:1
004
005
000
003
intSpchSeq:1
004
005
000
003
intSpchSeq:1
004
005
000
003
intSpchSeq:1
004
005
000
003
intSpchSeq:1
004
005
000
003
intSpchSeq:1
004
005
000
003
intSpchSeq:1
004
005
000
003
intSpchSeq:1
004
005
000
003
intSpchSeq:1
004
005
000
003
intSpchSeq:1
004
005
000
003
intSpchSeq:1
004
005
000
003
intSpchSeq:1
004
005
000
003
intSpchSeq:1
004
005
000
003
intSpchSeq:1
004
005
000
003
intSpchSeq:1
004
005
000
003
intSpchSeq:1
004
005
000
003
intSpchSeq:1
004
005
000
003
intSpchSeq:1
004
005
000
003
intSpchSeq:1
004
005
000
003
intSpchSeq:1
004
005
000
003
intSpchSeq:1
004
005
000
003
intSpchSeq:1
004
005
000
003
intSpchSeq:1
004
005
000
003
intSpchSeq:1
004
005
000
003
intSpchSeq:1
004
005
000
003
intSpchSeq:1
004
005
000
003
intSpchSeq:1
004
005
000
003
intSpchSeq:1
004
005
000
003
intSpchSeq:1
004
005
000
003
intSpchSeq:1
004
005
000
003
intSpchSeq:1
004
005
000
003
intSpchSeq:1
004
005
000
003
intSpchSeq:1
004
005
000
003
intSpchSeq:1
004
005
000
003
intSpchSeq:1
004
005
000
003
intSpchSeq:1
004
005
000
003
intSpchSeq:1
004
005
000
003
intSpchSeq:1
004
005
000
003
intSpchSeq:1
004
005
000
003
intSpchSeq:1
004
005
000
003
intSpchSeq:1
004
005
000
003
intSpchSeq:1
004
005
000
003
intSpchSeq:1
004
005
000
003
intSpchSeq:1
004
005
000
003
intSpchSeq:1
004
005
000
003
intSpchSeq:1
004
005
000
003
intSpchSeq:1
004
005
000
003
intSpchSeq:1
004
005
000
003
intSpchSeq:1
004
005
000
003
intSpchSeq:1
004
005
000
003
intSpchSeq:1
004
005
000
003
intSpchSeq:1
004
005
000
003
intSpchSeq:1
004
005
000
003
intSpchSeq:1
004
005
000
003
intSpchSeq:1
004
005
000
003
intSpchSeq:1
004
005
000
003
intSpchSeq:1
004
005
000
003
intSpchSeq:1
004
005
000
003
intSpchSeq:1
004
005
000
003
intSpchSeq:1
004
005
000
003
intSpchSeq:1
004
005
000
003
intSpchSeq:1
004
005
000
003
intSpchSeq:1
004
005
000
003
intSpchSeq:1
004
005
000
003
intSpchSeq:1
004
005
000
003
intSpchSeq:1
004
005
000
003
intSpchSeq:1
004
005
000
003
intSpchSeq:1
004
005
000
003
intSpchSeq:1
004
005
000
003
intSpchSeq:1
004
005
000
003
intSpchSeq:1
004
005
000
003
intSpchSeq:1
004
005
000
003
intSpchSeq:1
004
005
000
003
intSpchSeq:1
004
005
000
003
intSpchSeq:1
004
005
000
003
intSpchSeq:1
004
005
000
003
intSpchSeq:1
004
005
000
003
intSpchSeq:1
004
005
000
003
intSpchSeq:1
004
005
000
003
intSpchSeq:1
004
005
000
003
intSpchSeq:1
004
005
000
003
intSpchSeq:1
004
005
000
003
intSpchSeq:1
004
005
000
003
intSpchSeq:1
004
005
000
003
intSpchSeq:1
004
005
000
003
intSpchSeq:1
004
005
000
003
intSpchSeq:1
004
005
000
003
intSpchSeq:1
004
005
000
003
intSpchSeq:1
004
005
000
003
intSpchSeq:1
004
005
000
003
intSpchSeq:1
004
005
000
003
intSpchSeq:1
004
005
000
003
intSpchSeq:1
004
005
000
003
intSpchSeq:1
004
005
000
003
intSpchSeq:1
004
005
000
003
intSpchSeq:1
004
005
000
003
intSpchSeq:1
004
005
000
003
intSpchSeq:1
004
005
000
003
intSpchSeq:1
004
005
000
003
intSpchSeq:1
004
005
000
003
intSpchSeq:1
004
005
[Info][MotionAsSotaWish][Say][scene:talk]ちょっと待てやーーー！いつまで、待たせてるねーん！そして何を勝手に終わらせてるんや？リキいれてプレゼンしとるところ悪いんやけど、今日は私のことを話す日でしょうがぁ！
[Info][TextToSpeechSota][TTS_USE_CACHE] /var/sota/tts//1509040741578.wav
[Info][CPlayWave]Play /var/sota/tts//1509040741578.wav
[Info][CPlayWave]isEdison
[Info][CPlayWave]play------- 4075
[Info][MotionAsSotaWish]play 12826
[Info][MotionAsSotaWish][play][talk] [12426sec]
000
003
intSpchSeq:2
004
005
[Info][MotionAsSotaWish][Say][scene:talk]と言うことで、改めまして、ワタクシ、名古屋オフィスのソータと申します。今回はワイアイエフの人がどうしても私に発表してほしいと言うのでやって参りました。とりあえず、祖父江君、ご苦労さん。よっぽど技術自慢したかったみたいですね！でも、私の方が凄いので、今日は私のことを皆さんに覚えて帰って頂けたらと思います。先ほどは、祖父江君のプロジェクト経験を話してましたが、ここからは、業務外の祖父江君の活動について少しだけご紹介します。
[Info][TextToSpeechSota][TTS_USE_CACHE] /var/sota/tts//1508943363502.wav
[Info][CPlayWave]Play /var/sota/tts//1508943363502.wav
[Info][CPlayWave]isEdison
[Info][CPlayWave]play------- 4081
[Info][MotionAsSotaWish]play 36634
[Info][MotionAsSotaWish][play][talk] [36234sec]
[Info][CPlayWave]removeShutdownHook
000
003
intSpchSeq:3
004
005
[Info][MotionAsSotaWish][Say][scene:talk]現在、名古屋オフィスでは、若手メンバの技術力向上の一環として、「アイティーエーものづくり交流会」に参加しています。祖父江を含む名古屋オフィスの若手たちは、この交流会の場を借りて、私ソータを使ってあくせく開発しています。いやあ、ご苦労なことですね！でも、彼らの頑張りのおかげで、私のできることがどんどん増えていっているので、ありがたい限りです。ちなみに、この「ものづくり交流会」は、名古屋オフィスの藤本君がアイティーエーに働きかけて発足した会です。
[Info][TextToSpeechSota][TTS_USE_CACHE] /var/sota/tts//1508943410756.wav
[Info][CPlayWave]Play /var/sota/tts//1508943410756.wav
[Info][CPlayWave]isEdison
[Info][CPlayWave]play------- 4087
[Info][MotionAsSotaWish]play 36275
[Info][MotionAsSotaWish][play][talk] [35875sec]
000
003
intSpchSeq:4
004
005
[Info][MotionAsSotaWish][Say][scene:talk]私、ソータは、画像認識、音声認識、音声合成等を搭載していて、なかなか凄いスペックになっています。
[Info][TextToSpeechSota][TTS_USE_CACHE] /var/sota/tts//1508942843225.wav
[Info][CPlayWave]Play /var/sota/tts//1508942843225.wav
[Info][CPlayWave]isEdison
[Info][CPlayWave]play------- 4093
[Info][MotionAsSotaWish]play 9041
[Info][MotionAsSotaWish][play][talk] [8641sec]
000
003
intSpchSeq:5
004
005
[Info][MotionAsSotaWish][Say][scene:talk]現在、祖父江たち、名古屋オフィスの若手が開発している機能は、2つあります。1つ目は「プレゼンソータ」です。ボタン一つで原稿ファイルの内容を自動で読み上げ、パワポ資料を原稿に合わせて同時に操作します。
[Info][TextToSpeechSota][TTS_USE_CACHE] /var/sota/tts//1508942860801.wav
[Info][CPlayWave]Play /var/sota/tts//1508942860801.wav
[Info][CPlayWave]isEdison
[Info][CPlayWave]play------- 4106
[Info][MotionAsSotaWish]play 17120
[Info][MotionAsSotaWish][play][talk] [16720sec]
000
003
intSpchSeq:6
004
005
[Info][MotionAsSotaWish][Say][scene:talk]今、私はこうやって話をしていますが、これは祖父江君がパワポを操作したり、私にセリフを送っているわけではないんですよ。私が、私のペースで話をしているんです。名古屋の若手たちも、なかなか頑張って作りこんでいるでしょう？うん、えらいえらい、えらいぞ名古屋
[Info][TextToSpeechSota][TTS_USE_CACHE] /var/sota/tts//1508941716622.wav
[Info][CPlayWave]Play /var/sota/tts//1508941716622.wav
[Info][CPlayWave]isEdison
[Info][CPlayWave]play------- 4112
[Info][MotionAsSotaWish]play 21788
[Info][MotionAsSotaWish][play][talk] [21388sec]
[Info][CPlayWave]removeShutdownHook
[Info][CPlayWave]removeShutdownHook
[Info][CPlayWave]removeShutdownHook
000
003
intSpchSeq:7
004
005
[Info][MotionAsSotaWish][Say][scene:talk]そして、2つ目の機能は、「来客対応ロボット、通称、受付ソータ」です。もっか作成中です。これができれば、名古屋オフィスの入口で私がお客様とプロパーの架け橋となって仕事ができるようになります。日中はずっとキャビネットの肥やしになっていてさびしいんですよね。早く仕事がしたいなあ！
[Info][TextToSpeechSota][TTS_USE_CACHE] /var/sota/tts//1508942910280.wav
[Info][CPlayWave]Play /var/sota/tts//1508942910280.wav
[Info][CPlayWave]isEdison
[Info][CPlayWave]play------- 4119
[Info][MotionAsSotaWish]play 23832
[Info][MotionAsSotaWish][play][talk] [23432sec]
[Info][CPlayWave]removeShutdownHook
000
003
intSpchSeq:8
004
005
[Info][MotionAsSotaWish][Say][scene:talk]現在活動しているメンバーはこの通りです。こうした祖父江たち若手の努力の結果は来年二月にアイティーエー中部支部会議にて発表する予定です。何が言いたいかと言いますと、この祖父江君は、技術力の向上に意欲がビンビンなやつなんですよ。どうかみなさん、数年後の祖父江君を期待してやってください。
[Info][TextToSpeechSota][TTS_USE_CACHE] /var/sota/tts//1509038678388.wav
[Info][CPlayWave]Play /var/sota/tts//1509038678388.wav
[Info][CPlayWave]isEdison
[Info][CPlayWave]play------- 4125
[Info][MotionAsSotaWish]play 23623
[Info][MotionAsSotaWish][play][talk] [23223sec]
[Info][CPlayWave]removeShutdownHook
000
003
intSpchSeq:9
004
005
[Info][MotionAsSotaWish][Say][scene:talk]以上となります。今度こそ、発表を終わります。みなさん、ご清聴、ありがとうございました。
[Info][TextToSpeechSota][TTS_USE_CACHE] /var/sota/tts//1508941802729.wav
[Info][CPlayWave]Play /var/sota/tts//1508941802729.wav
[Info][CPlayWave]isEdison
[Info][CPlayWave]play------- 4131
[Info][MotionAsSotaWish]play 7509
[Info][MotionAsSotaWish][play][talk] [7109sec]
000
003
intSpchSeq:10
004
005
main[1] > アプリケーションが終了しましたexitexit
logout

ロボットとの通信を切断しました。
